{
  "stats": {
    "suites": 1,
    "tests": 1,
    "passes": 1,
    "pending": 0,
    "failures": 0,
    "start": "2022-05-04T13:40:35.104Z",
    "end": "2022-05-04T13:40:44.727Z",
    "duration": 9623,
    "testsRegistered": 1,
    "passPercent": 100,
    "pendingPercent": 0,
    "other": 0,
    "hasOther": false,
    "skipped": 0,
    "hasSkipped": false
  },
  "results": [
    {
      "uuid": "017b943f-8ea3-4fb8-85a3-338a976d84c1",
      "title": "",
      "fullFile": "cypress/integration/page_objects_test.spec.ts",
      "file": "cypress/integration/page_objects_test.spec.ts",
      "beforeHooks": [],
      "afterHooks": [],
      "tests": [],
      "suites": [
        {
          "uuid": "45c23210-ae67-4494-b6a2-738cc6872d75",
          "title": "Register",
          "fullFile": "",
          "file": "",
          "beforeHooks": [],
          "afterHooks": [],
          "tests": [
            {
              "title": "should register with valid credentials",
              "fullTitle": "Register should register with valid credentials",
              "timedOut": null,
              "duration": 9535,
              "state": "passed",
              "speed": "medium",
              "pass": true,
              "fail": false,
              "pending": false,
              "context": null,
              "code": "index_2.registerPage.register(index_1.user.randomEmail, index_1.user.randomPassword);\nindex_2.myAccountPage.title.should('be.visible');",
              "err": {},
              "uuid": "8da2870a-f102-4640-8883-c24a29c2830d",
              "parentUUID": "45c23210-ae67-4494-b6a2-738cc6872d75",
              "isHook": false,
              "skipped": false
            }
          ],
          "suites": [],
          "passes": [
            "8da2870a-f102-4640-8883-c24a29c2830d"
          ],
          "failures": [],
          "pending": [],
          "skipped": [],
          "duration": 9535,
          "root": false,
          "rootEmpty": false,
          "_timeout": 2000
        }
      ],
      "passes": [],
      "failures": [],
      "pending": [],
      "skipped": [],
      "duration": 0,
      "root": true,
      "rootEmpty": true,
      "_timeout": 2000
    }
  ],
  "meta": {
    "mocha": {
      "version": "7.0.1"
    },
    "mochawesome": {
      "options": {
        "quiet": false,
        "reportFilename": "index.html",
        "saveHtml": true,
        "saveJson": true,
        "consoleReporter": "spec",
        "useInlineDiffs": false,
        "code": true
      },
      "version": "7.1.3"
    },
    "marge": {
      "options": {
        "reportDir": "./cypress/results/mochawesome",
        "reportFilename": "index.html",
        "overwrite": false,
        "html": true,
        "json": true
      },
      "version": "6.2.0"
    }
  }
}