{
  "stats": {
    "suites": 1,
    "tests": 1,
    "passes": 1,
    "pending": 0,
    "failures": 0,
    "start": "2022-05-04T13:37:40.962Z",
    "end": "2022-05-04T13:38:02.073Z",
    "duration": 21111,
    "testsRegistered": 1,
    "passPercent": 100,
    "pendingPercent": 0,
    "other": 0,
    "hasOther": false,
    "skipped": 0,
    "hasSkipped": false
  },
  "results": [
    {
      "uuid": "20b34f9c-73fd-4081-b0c8-082a19d54902",
      "title": "",
      "fullFile": "cypress/integration/app_actions_test.spec.ts",
      "file": "cypress/integration/app_actions_test.spec.ts",
      "beforeHooks": [],
      "afterHooks": [],
      "tests": [],
      "suites": [
        {
          "uuid": "92f5bdaa-5ab3-4e8c-b143-d379e58481f8",
          "title": "Checkout",
          "fullFile": "",
          "file": "",
          "beforeHooks": [],
          "afterHooks": [],
          "tests": [
            {
              "title": "should add a item in checkout and buy it with bank transfer",
              "fullTitle": "Checkout should add a item in checkout and buy it with bank transfer",
              "timedOut": null,
              "duration": 21061,
              "state": "passed",
              "speed": "slow",
              "pass": true,
              "fail": false,
              "pending": false,
              "context": null,
              "code": "index_2.myAccountPage.title.should('have.text', index_1.appString.myAccount);\ncy.goToCheckOut();\ncy.fillCheckoutFieldsAndBuy({\n    firstName: index_1.user.randomFirstName,\n    lastName: index_1.user.randomLastName,\n    address: index_1.user.randomAddress,\n    city: index_1.user.randomCity,\n    zipCode: index_1.user.randomZipCode,\n    phone: index_1.user.randomPhone,\n    email: index_1.user.randomEmail,\n});\nindex_2.successCheckoutPage.title.should('have.text', index_1.appString.orderReceived);",
              "err": {},
              "uuid": "d804b335-e56e-4abf-9f4a-36ffbe201132",
              "parentUUID": "92f5bdaa-5ab3-4e8c-b143-d379e58481f8",
              "isHook": false,
              "skipped": false
            }
          ],
          "suites": [],
          "passes": [
            "d804b335-e56e-4abf-9f4a-36ffbe201132"
          ],
          "failures": [],
          "pending": [],
          "skipped": [],
          "duration": 21061,
          "root": false,
          "rootEmpty": false,
          "_timeout": 2000
        }
      ],
      "passes": [],
      "failures": [],
      "pending": [],
      "skipped": [],
      "duration": 0,
      "root": true,
      "rootEmpty": true,
      "_timeout": 2000
    }
  ],
  "meta": {
    "mocha": {
      "version": "7.0.1"
    },
    "mochawesome": {
      "options": {
        "quiet": false,
        "reportFilename": "index.html",
        "saveHtml": true,
        "saveJson": true,
        "consoleReporter": "spec",
        "useInlineDiffs": false,
        "code": true
      },
      "version": "7.1.3"
    },
    "marge": {
      "options": {
        "reportDir": "./cypress/results/mochawesome",
        "reportFilename": "index.html",
        "overwrite": false,
        "html": true,
        "json": true
      },
      "version": "6.2.0"
    }
  }
}