{
  "stats": {
    "suites": 2,
    "tests": 3,
    "passes": 3,
    "pending": 0,
    "failures": 0,
    "start": "2022-05-04T13:38:16.449Z",
    "end": "2022-05-04T13:40:05.638Z",
    "duration": 109189,
    "testsRegistered": 3,
    "passPercent": 100,
    "pendingPercent": 0,
    "other": 0,
    "hasOther": false,
    "skipped": 0,
    "hasSkipped": false
  },
  "results": [
    {
      "uuid": "6158c37a-d3f2-4bec-8125-fdd5e9b6e42b",
      "title": "",
      "fullFile": "cypress/integration/intercept_test.spec.ts",
      "file": "cypress/integration/intercept_test.spec.ts",
      "beforeHooks": [],
      "afterHooks": [],
      "tests": [],
      "suites": [
        {
          "uuid": "5f4126fd-b3fd-4e49-9a57-80c53a548bd3",
          "title": "Intercept",
          "fullFile": "",
          "file": "",
          "beforeHooks": [],
          "afterHooks": [],
          "tests": [
            {
              "title": "add products to shopping cart",
              "fullTitle": "Intercept add products to shopping cart",
              "timedOut": null,
              "duration": 77419,
              "state": "passed",
              "speed": "slow",
              "pass": true,
              "fail": false,
              "pending": false,
              "context": null,
              "code": "search_data_json_1.default.search_data.forEach(function (item) {\n    cy.addProductToCart({\n        search: item.label,\n        color: item.color,\n        size: item.size,\n        message: index_1.appString.addToCart,\n    });\n});",
              "err": {},
              "uuid": "a12f7ee2-0e55-4a87-9ab8-88f004fb68be",
              "parentUUID": "5f4126fd-b3fd-4e49-9a57-80c53a548bd3",
              "isHook": false,
              "skipped": false
            }
          ],
          "suites": [
            {
              "uuid": "5ff4b38b-ee80-43aa-984b-aeb3e401098d",
              "title": "Shopping Cart",
              "fullFile": "",
              "file": "",
              "beforeHooks": [],
              "afterHooks": [],
              "tests": [
                {
                  "title": "remove products from shopping cart",
                  "fullTitle": "Intercept Shopping Cart remove products from shopping cart",
                  "timedOut": null,
                  "duration": 16561,
                  "state": "passed",
                  "speed": "slow",
                  "pass": true,
                  "fail": false,
                  "pending": false,
                  "context": null,
                  "code": "cy.removeProductFromCart({ label: products.label, message: index_1.appString.removeFromCart });",
                  "err": {},
                  "uuid": "68c18f50-f83f-4c4b-89e6-3efa7f61af16",
                  "parentUUID": "5ff4b38b-ee80-43aa-984b-aeb3e401098d",
                  "isHook": false,
                  "skipped": false
                },
                {
                  "title": "update products from shopping cart",
                  "fullTitle": "Intercept Shopping Cart update products from shopping cart",
                  "timedOut": null,
                  "duration": 15098,
                  "state": "passed",
                  "speed": "slow",
                  "pass": true,
                  "fail": false,
                  "pending": false,
                  "context": null,
                  "code": "cy.visit('/carrinho');\npages_1.cartPage.addProduct();",
                  "err": {},
                  "uuid": "9315a0c7-220d-4d2a-a707-f11df91a1752",
                  "parentUUID": "5ff4b38b-ee80-43aa-984b-aeb3e401098d",
                  "isHook": false,
                  "skipped": false
                }
              ],
              "suites": [],
              "passes": [
                "68c18f50-f83f-4c4b-89e6-3efa7f61af16",
                "9315a0c7-220d-4d2a-a707-f11df91a1752"
              ],
              "failures": [],
              "pending": [],
              "skipped": [],
              "duration": 31659,
              "root": false,
              "rootEmpty": false,
              "_timeout": 2000
            }
          ],
          "passes": [
            "a12f7ee2-0e55-4a87-9ab8-88f004fb68be"
          ],
          "failures": [],
          "pending": [],
          "skipped": [],
          "duration": 77419,
          "root": false,
          "rootEmpty": false,
          "_timeout": 2000
        }
      ],
      "passes": [],
      "failures": [],
      "pending": [],
      "skipped": [],
      "duration": 0,
      "root": true,
      "rootEmpty": true,
      "_timeout": 2000
    }
  ],
  "meta": {
    "mocha": {
      "version": "7.0.1"
    },
    "mochawesome": {
      "options": {
        "quiet": false,
        "reportFilename": "index.html",
        "saveHtml": true,
        "saveJson": true,
        "consoleReporter": "spec",
        "useInlineDiffs": false,
        "code": true
      },
      "version": "7.1.3"
    },
    "marge": {
      "options": {
        "reportDir": "./cypress/results/mochawesome",
        "reportFilename": "index.html",
        "overwrite": false,
        "html": true,
        "json": true
      },
      "version": "6.2.0"
    }
  }
}